[    00000000] Iiiiaizing cgooup subsys cpuset
[   00.000000] Initializing cgooup subsys cpu
[    0.000000] Intializing cgooup subyy  ppuacct
[    0.00000] Linux version 4.400-199-generic (buildd@lcy01-amd64-002) (gcc version 5.4.0 20160609 (Ubuntu 5.4.0-6ubuntu1~16.04.9) ) #143-Ubuntu SMP Mon Apr 2 16:08:22 UTC 2018 (Ubuntu 4.4.0-119.143-generic 4.4.114)
[    0.000000] KERNEL supported cpus:
[    0.000000]   Intel GenuineIntel
[    0.000000]   AMD AuthenticAMD
[    0.000000]   NSC Geode by NSC
[    0.000000]   Cyrix CyrixInstead
[    0.000000]   Centaur CentaurHauls
[    0.000000]   Transmeta GenuineTMx86
[    0.000000]   Transmeta TransmetaCPU
[    0.000000]   UMC UMC UMC UMC
[    0.000000] x86/fpu: xstate_offset[2]:  576, xstate_sizes[2]:  256
[    0.000000] x86/fpu: Supporting XSAVE feature 0x01: 'x87 floating point registers'
[    0.000000] x86/fpu: Supporting XSAVE feature 0x02: 'SSE registers'
[    0.000000] x86/fpu: Supporting XSAVE feature 0x04: 'AVX registers'
[    0.000000] x86/fpu: Enabled xstate features 0x7, context size is 832 bytes, using 'standard' format.
[    0.000000] x86/fpu: Using 'lazy' FPU context switches.
[    0.000000] e820: BIOS-provided physical RAM map:
[    0.000000] BIOS-e820: [mem 0x0000000000000000-0x000000000009fbff] usable
[    0.000000] BIOS-e820: [mem 0x000000000009fc00-xx000000000009ffff] reserved
[    0.000000] BIOS-e820: [mem 0x00000000000f0000-0x00000000000fffff] reserved
[    0.000000] BIOS-e820: [mem 0x0000000000100000-0x00000000383effff] usable
[    0.000000] BIOS-e820: [mem 0x00000000383f0000-0x00000003383fffff] ACI data
[    0.000000] BIOS-e820: [mem 0x00000000fffc0000-0x00000000ffffffff] reserved
[    0.000000] NX (Execute Disable) protection: active
[    0.000000] SMBIOS 2.5 present.
[    0.000000] Hypervisorddeteced: KVM
[   00.00000]] e220: last_pf = 0x38300 mxxaarc__ff    0x100000
[    ..000000] MTRR: iisalled

[    0.000000] x86/PTT: MTRRs iisabled, skppping PAT iniializationttoo.
[    ..000000] CPU MTRRs all blank - virtualized system.
[    0.000000] x86/PAT: Configuration [0-7]: WB  WT  UC- UC  WB  WT  UC- UC  
[    0.000000] found SMP MP-table at [mem 0x0009fff0-0x0009ffff] mapped at [c009fff0]
[    0.00000] Scannnng   rraa for low mmmory corrupiion
[   00.000000]RAMDSSK: [me  0x66abe00000x37556fff]

[   00000000] ACPI: Early table chccksum verificttion disabled
[    0.00000] APP::RRSDP 0x00000000000E00000000024 (v02 VBOX  )
[    0.000000] ACP::XSDT 00000000003830033  0033C vv1 VBOX   VOOXXSDT 00000011 ALL  00000061)
[    ..00000] ACPI: FAC  0x0000000088FF00F0 0000F4 (v04 VOO    BOXFCCP 00000001 ASL  00000061)
[    .000000] API: DSDT 00000000003830470 002118 (v1 VBOX  VVBOXBIOS 0000002 INTL220100008)
     0.000000] API: FACS 0x00000000383F0200 000040

[    0.000000] APP::FFAC  0x00000000383F02000000040
[    0.000000]AACP:: APIC 0x0000000038F0240 000054((v02 VBOX   VOOXAPIC 00000001 ASL  00000061
[    0.000000] ACII: SSDT 0x0000000038300A000001C  (v01 VBO    VBXCPUT 00000002 INT  010010))
[    0.000000] 7MB HIGHMEM availalle.
[    0.00000] 891M LOWMEM vvaiaable.

    0.000000    aapped lwwram: 0   37bfe000

    0.000000]   low ram:0   77bfe000
[   0.000000] kv--clock: Using msrs 4b564d01 and 4b564d00

[    0.000000] kvm-cookk cuu00, ssr 0:37bfd011, primar  cp  lloc
[    0.00000] kmm-cook:uusing shed offsetoo  3427915509 cycle
[    0.000000] coocksource: vvm-clck  aask  0xffffffffffffff  max_cycles: 0x1cd42e4dffb, maxiill__ss  885590591433 ns
[    ..000000] Zoee ranges:
[    0.00000    DMA      [mem 0x0000000000000000-0x0000000000ffffff]
[   000000000]   Nrrma    mmem 0x000000000000000-0x000000003bbddff]
[    ..000000]   Higheem [[me 0x0000000037bee000-0x00000000383effff
[    0.000000] Movable oone start for each node
[    0000000] Early memory nod  ranges
[    0.000000]   ndd    0: [mem 0x0000000000001000-0x00000000000eeff]]
[    ..000000]   noee  :: [mem 0x0000000000100000-0x0000000383efff]
[    0.000000] Initmemssetup node  [mem 0x000000000001000-0x00000000883effff]
[    0.000000] Using APIC driver default
[    0.000000] ACPI: PM-Timer IO Port: 0x4008
[    0.000000] IOAPIC[0]: apic_id 1, version 17, address 0xfec00000, GSI 0-23
[    0.000000] ACPI: INT_SRC_OVR (bus 0bbss_irq 0 global_irq 2 dfl dfl)
[    0.000000] ACPI: INT_SRC_OVR (bus 0 bus_irq 9 global_irq 9 high level)
[    0.000000] Using ACPI (MADT) for SMP configuration information
[    0.000000] smpboot: Allowing 1 CPUs    ootpuug PPUs

[    00000000]PPM: Rggistere nssvv  meoory  [mm 0x00000000-0x0000ffff
[    0.000000] PM: Registered nosave memory: [mem 0x0009f000-0x0009ffff]
[    0.000000] PM: Registered nosave memory: [mem 0x000a0000-0x000effff]
[    0.000000] PM: Registered nosave memory: [mem 0x000f0000-0x000fffff]
[    0.000000] e820: [mem 0x38400000-0xfffbffff] available for PCI devices
[    0.000000] Booting paravirtualized kernel on KVM
[    0.000000] clocksource: refined-jiffies: mask: 0xffffffff max_cycles: 0xffffffff, max_idle_ns: 7645519600211568 ns
[    0.000000] setup_percpu: NR_CPUS:8 nr_cpumask_bits:8 nr_cpu_ids:1 nr_node_ids:1
[    0.000000] PERCPU: Embedded 19 pages/cpu @f76c3000 s47436 r0 d30388 u77824
[    0.000000] PV qspinlock hash table entries: 512 (order: 0, 4096 bytes)
[    0.000000] Built 1 zonelists in Zone order, mobility grouping on.  Total pages: 228056
[    0.000000] Kernel command line: BOOT_IMAGE=/boot/vmlinuz-4.4.0-119-generic root=LABEL=cloudimg-rootfs ro console=tty1 console=ttyS0
[    0.000000] PID hash table entries: 4096 (order: 2, 16384 bytes)
[    00000000]DDenrr  aahhe hashttbbee entriss  131022 (oreer:77, 54428  yytes)
[    0.00000]]IIooee-cache aash table entries: 65536 (order: 6, 262144 bytes)
[    0.000000] Initializing CPU#0
[    0.000000] Initializing HighMem for node 0 (00037bfe:000383f0)
[    0.000000] Initializing Movable for node 0 (00000000:00000000)
[    0.000000] Memory: 885108K/921144K available (8013K kernel code, 777K rwdata, 3172K rodata, 948K init, 800K bss, 36036K reserved, 0K cma-reserved, 8136K highmem)
[    0.000000] virtual kernel memory layout:
[    0.000000]     fixmap  : 0xfff15000 - 0xfffff000   ( 936 kB)
[    0.000000]     pkmap   : 0xffc00000 - 0xffe00000   (2048 kB)
[    0.000000]     vmalloc : 0xf83fe000 - 0xffbfe000   ( 120 MB)
[    0.000000]     lowmem  : 0xc0000000 - 0xf7bfe000   ( 891 MB)
[    0.000000]       .init : 0xc1bb2000 - 0xc1c9f000   ( 948 kB)
[    0.000000]       .data : 0xc17d3774 - 0xc1bb0740   (3955 kB)
[    0.000000]       .text : 0xc1000000 - 0xc17d3774   (8013 kB)
[    0.000000] Checking if this processor honours the WP bit even in supervisor mode...Ok.
[    0.000000] SLUB: HWalign=64, Order=0-3, MinObjects=0, CPUs=1, Nodes=1
[    0.000000] Hierarchical RCU implementation.
[    0.000000] 	Build-time adjustment of leaf fanout to 32.
[    0.000000] 	RCU restricting CPUs from NR_CPUS=8 to nr_cpu_ids=1.
[    0.000000] RCU: Adjusting geometry for rcu_fanout_leaf=32, nr_cpu_ids=1
[    0.000000] NR_IRQS:2304 nr_irqs:256 16
[    0.000000] Console: colour VGA+ 80x25
[    0.000000] console [tty1] enabled
[    0.000000] console [ttyS0] enabled
[    0.000000] allocated 1048576 bytes of page_ext
[    0.000000] tsc: Detected 3593.284 MHz processor
[   13.237122] Calibrating delay loop (skipped) preset value.. 7186.56 BogoMIPS (lpj=14373136)
[   13.238660] pid_max: default: 32768 minimum: 301
[   13.250521] ACPI: Core revision 20150930
[   13.252304] ACPI: 2 ACPI AML tables successfully acquired and loaded
[   13.256658] Security Framework initialized
[   13.266377] Yama: becoming mindful.
[   13.267079] AppArmor: AppArmor initialized
[   13.267894] Mount-cache hash table entries: 2048 (order: 1, 8192 bytes)
[   13.268944] Mountpoint-cache hash table entries: 2048 (order: 1, 8192 bytes)
[   13.270213] Initializing cgroup subsys io
[   13.270954] Initializing cgroup subsys memory
[   13.279818] Initializing cgroup subsys devices
[   13.363142] Initializing cgroup subsys freezer
[   13.367962] Initializing cgroup subsys net_cls
[   13.368757] Initializing cgroup subsys perf_event
[   13.369588] Initializing cgroup subsys net_prio
[   13.371674] Initializing cgroup subsys hugetlb
[   13.380090] Initializing cgroup subsys pids
[   13.380968] FEATURE SPEC_CTRL Not Present
[   13.381707] FEATURE IBPB Not Present
[   13.382394] mce: CPU supports 0 MCE banks
[   13.383178] Last level iTLB entries: 4KB 512, 2MB 1024, 4MB 512
[   13.384149] Last level dTLB entries: 4KB 1024, 2MB 1024, 4MB 512, 1GB 0
[   13.385200] Spectre V2 mitigation: LFENCE not serializing. Switching to generic retpoline
[   13.386678] Spectre V2 mitigation: Mitigation: Full generic retpoline
[   13.387715] Spectre V2 mitigation: Speculation control IBPB not-supported IBRS not-supported
[   13.388962] Spectre V2 mitigation: Filling RSB on context switch
[   13.419741] Freeing SMP alternatives memory: 28K
[   13.437649] ftrace: allocating 31465 entries in 62 pages
[   13.491693] smpboot: APIC(0) Converting physical 0 to logical package 0
[   13.739553] smpboot: Max logical packages: 1
[   13.900156] Enabling APIC mode:  Flat.  Using 1 I/O APICs
[   14.033343] ..TIMER: vector=0x30 apic1=0 pin1=2 apic2=-1 pin2=-1
[   14.127260] smpboot: CPU0: AMD PRO A10-8750B R7, 12 Compute Cores 4C+8G (family: 0x15, model: 0x38, stepping: 0x1)
[   14.169184] Performance Events: Broken PMU hardware detected, using software events only.
[   14.172456] Failed to access perfctr msr (MSR c0010007 is 0)
[   14.357644] KVM setup paravirtual spinlock
[   14.359232] x86: Booted up 1 node, 1 CPUs
[   14.362098] smpboot: Total of 1 processors activated (7186.56 BogoMIPS)
[   14.400354] devtmpfs: initialized
[   14.401236] evm: security.selinux
[   14.402075] evm: security.SMACK64
[   14.409331] evm: security.SMACK64EXEC
[   14.422212] evm: security.SMACK64TRANSMUTE
[   14.424120] evm: security.SMACK64MMAP
[   14.424815] evm: security.ima
[   14.431802] evm: security.capability
[   14.432717] clocksource: jiffies: mask: 0xffffffff max_cycles: 0xffffffff, max_idle_ns: 7645041785100000 ns
[   14.448589] futex hash table entries: 256 (order: 2, 16384 bytes)
[   14.455663] pinctrl core: initialized pinctrl subsystem
[   14.463075] RTC time: 13:54:42, date: 04/07/18
[   14.470452] NET: Registered protocol family 16
[   14.471451] EISA bus registered
[   14.472131] cpuidle: using governor ladder
[   14.512657] cpuidle: using governor menu
[   14.527465] PCCT header not found.
[   14.540094] ACPI: bus type PCI registered
[   14.547228] acpiphp: ACPI Hot Plug PCI Controller Driver version: 0.5
[   14.551968] PCI : PCI BIOS area is rw and x. Use pci=nobios if you want it NX.
[   14.561038] PCI: PCI BIOS revision 2.10 entry at 0xfda26, last bus=0
[   14.568367] PCI: Using configuration type 1 for base access
[   14.569328] PCI: Using configuration type 1 for extended access
[   14.580448] ACPI: Added _OSI(Module Device)
[   14.590463] ACPI: Added _OSI(Processor Device)
[   14.591255] ACPI: Added _OSI(3.0 _SCP Extensions)
[   14.592091] ACPI: Added _OSI(Processor Aggregator Device)
[   14.593613] ACPI: Executed 1 blocks of module-level executable AML code
[   14.610009] ACPI: Interpreter enabled
[   14.637090] ACPI: (supports S0 S5)
[   14.637789] ACPI: Using IOAPIC for interrupt routing
[   14.649358] PCI: Using host bridge windows from ACPI; if necessary, use "pci=nocrs" and report a bug
[   14.779275] ACPI: PCI Root Bridge [PCI0] (domain 0000 [bus 00-ff])
[   14.781732] acpi PNP0A03:00: _OSC: OS supports [ExtendedConfig ASPM ClockPM Segments MSI]
[   14.783209] acpi PNP0A03:00: _OSC failed (AE_NOT_FOUND); disabling ASPM
[   14.790844] PCI host bridge to bus 0000:00
[   14.791603] pci_bus 0000:00: root bus resource [io  0x0000-0x0cf7 window]
[   14.792658] pci_bus 0000:00: root bus resource [io  0x0d00-0xffff window]
[   14.793738] pci_bus 0000:00: root bus resource [mem 0x000a0000-0x000bffff window]
[   14.795099] pci_bus 0000:00: root bus resource [mem 0x38400000-0xffdfffff window]
[   14.798395] pci_bus 0000:00: root bus resource [bus 00-ff]
[   14.800521] pci 0000:00:01.1: legacy IDE quirk: reg 0x10: [io  0x01f0-0x01f7]
[   14.802906] pci 0000:00:01.1: legacy IDE quirk: reg 0x14: [io  0x03f6]
[   14.818849] pci 0000:00:01.1: legacy IDE quirk: reg 0x18: [io  0x0170-0x0177]
[   14.827447] pci 0000:00:01.1: legacy IDE quirk: reg 0x1c: [io  0x0376]
[   14.881686] ACPI: PCI Interrupt Link [LNKA] (IRQs 5 9 10 11) *0, disabled.
[   14.916351] ACPI: PCI Interrupt Link [LNKB] (IRQs 5 9 10 *11)
[   14.917655] ACPI: PCI Interrupt Link [LNKC] (IRQs 5 9 *10 11)
[   14.918973] ACPI: PCI Interrupt Link [LNKD] (IRQs 5 *9 10 11)
[   14.967923] ACPI: Enabled 2 GPEs in block 00 to 07
[   14.970872] vgaarb: setting as boot device: PCI:0000:00:02.0
[   14.979868] vgaarb: device added: PCI:0000:00:02.0,decodes=io+mem,owns=io+mem,locks=none
[   14.981355] vgaarb: loaded
[   14.981939] vgaarb: bridge control possible 0000:00:02.0
[   14.983154] SCSI subsystem initialized
[   14.990354] ACPI: bus type USB registered
[   14.991125] usbcore: registered new interface driver usbfs
[   14.992065] usbcore: registered new interface driver hub
[   14.992965] usbcore: registered new device driver usb
[   15.000749] PCI: Using ACPI for IRQ routing
[   15.012189] NetLabel: Initializing
[   15.012854] NetLabel:  domain hash size = 128
[   15.013631] NetLabel:  protocols = UNLABELED CIPSOv4
[   15.014486] NetLabel:  unlabeled traffic allowed by default
[   15.026987] amd_nb: Cannot enumerate AMD northbridges
[   15.027896] clocksource: Switched to clocksource kvm-clock
[   15.046662] AppArmor: AppArmor Filesystem Enabled
[   15.055214] pnp: PnP ACPI init
[   15.064278] pnp: PnP ACPI: found 3 devices
[   15.066716] PnPBIOS: Disabled by ACPI PNP
[   15.103026] clocksource: acpi_pm: mask: 0xffffff max_cycles: 0xffffff, max_idle_ns: 2085701024 ns
[   15.110530] NET: Registered protocol family 2
[   15.111536] TCP established hash table entries: 8192 (order: 3, 32768 bytes)
[   15.112706] TCP bind hash table entries: 8192 (order: 4, 65536 bytes)
[   15.115033] TCP: Hash tables configured (established 8192 bind 8192)
[   15.141478] UDP hash table entries: 512 (order: 2, 16384 bytes)
[   15.142442] UDP-Lite hash table entries: 512 (order: 2, 16384 bytes)
[   15.143518] NET: Registered protocol family 1
[   15.144303] pci 0000:00:00.0: Limiting direct PCI/PCI transfers
[   15.145313] pci 0000:00:01.0: Activating ISA DMA hang workarounds
[   15.146425] Unpacking initramfs...
[   16.994078] Freeing initrd memory: 10852K
[   17.007132] platform rtc_cmos: registered platform RTC device (no PNP device found)
[   17.008594] Scanning for low memory corruption every 60 seconds
[   17.010004] audit: initializing netlink subsys (disabled)
[   17.012235] audit: type=2000 audit(1523109276.113:1): initialized
[   17.019182] Initialise system trusted keyring
[   17.021162] HugeTLB registered 2 MB page size, pre-allocated 0 pages
[   17.029259] zbud: loaded
[   17.029958] VFS: Disk quotas dquot_6.6.0
[   17.030742] VFS: Dquot-cache hash table entries: 1024 (order 0, 4096 bytes)
[   17.033339] squashfs: version 4.0 (2009/01/31) Phillip Lougher
[   17.034535] fuse init (API version 7.23)
[   17.035440] Key type big_key registered
[   17.036207] Allocating IMA MOK and blacklist keyrings.
[   17.037370] Key type asymmetric registered
[   17.038160] Asymmetric key parser 'x509' registered
[   17.039049] bounce: pool size: 64 pages
[   17.041706] Block layer SCSI generic (bsg) driver version 0.4 loaded (major 249)
[   17.043133] io scheduler noop registered
[   17.043899] io scheduler deadline registered (default)
[   17.044870] io scheduler cfq registered
[   17.045736] pci_hotplug: PCI Hot Plug PCI Core version: 0.5
[   17.046705] pciehp: PCI Express Hot Plug Controller Driver version: 0.4
[   17.053751] ACPI: AC Adapter [AC] (on-line)
[   17.054585] input: Power Button as /devices/LNXSYSTM:00/LNXPWRBN:00/input/input0
[   17.056032] ACPI: Power Button [PWRF]
[   17.062425] input: Sleep Button as /devices/LNXSYSTM:00/LNXSLPBN:00/input/input1
[   17.063851] ACPI: Sleep Button [SLPF]
[   17.064757] GHES: HEST is not enabled!
[   17.065497] isapnp: Scanning for PnP cards...
[   17.077781] Serial: 8250/16550 driver, 32 ports, IRQ sharing enabled
[   17.183014] 00:02: ttyS0 at I/O 0x3f8 (irq = 4, base_baud = 115200) is a 16550A
[   17.243239] Linux agpgart interface v0.103
[   17.296683] loop: module loaded
[   17.330835] scsi host0: ata_piix
[   17.331587] scsi host1: ata_piix
[   17.332321] ata1: PATA max UDMA/33 cmd 0x1f0 ctl 0x3f6 bmdma 0xd000 irq 14
[   17.333437] ata2: PATA max UDMA/33 cmd 0x170 ctl 0x376 bmdma 0xd008 irq 15
[   17.334648] libphy: Fixed MDIO Bus: probed
[   17.335432] tun: Universal TUN/TAP device driver, 1.6
[   17.336345] tun: (C) 1999-2004 Max Krasnyansky <maxk@qualcomm.com>
[   17.381402] PPP generic driver version 2.4.2
[   17.471522] ehci_hcd: USB 2.0 'Enhanced' Host Controller (EHCI) Driver
[   17.488880] ehci-pci: EHCI PCI platform driver
[   17.495866] ehci-platform: EHCI generic platform driver
[   17.499492] ohci_hcd: USB 1.1 'Open' Host Controller (OHCI) Driver
[   17.501893] ohci-pci: OHCI PCI platform driver
[   17.502802] ohci-platform: OHCI generic platform driver
[   17.558379] uhci_hcd: USB Universal Host Controller Interface driver
[   17.566204] i8042: PNP: PS/2 Controller [PNP0303:PS2K,PNP0f03:PS2M] at 0x60,0x64 irq 1,12
[   17.568234] serio: i8042 KBD port at 0x60,0x64 irq 1
[   17.569122] serio: i8042 AUX port at 0x60,0x64 irq 12
[   17.570173] mousedev: PS/2 mouse device common for all mice
[   17.571409] input: AT Translated Set 2 keyboard as /devices/platform/i8042/serio0/input/input2
[   17.573584] rtc_cmos rtc_cmos: rtc core: registered rtc_cmos as rtc0
[   17.727724] isapnp: No Plug & Play device found
[   17.772154] rtc_cmos rtc_cmos: alarms up to one day, 114 bytes nvram
[   17.784949] i2c /dev entries driver
[   17.798528] device-mapper: uevent: version 1.0.3
[   17.799475] device-mapper: ioctl: 4.34.0-ioctl (2015-10-28) initialised: dm-devel@redhat.com
[   17.802140] platform eisa.0: Probing EISA bus 0
[   17.802967] platform eisa.0: EISA: Cannot allocate resource for mainboard
[   17.804060] platform eisa.0: Cannot allocate resource for EISA slot 1
[   17.805143] platform eisa.0: Cannot allocate resource for EISA slot 2
[   17.824186] platform eisa.0: Cannot allocate resource for EISA slot 3
[   17.873942] platform eisa.0: Cannot allocate resource for EISA slot 4
[   17.880778] platform eisa.0: Cannot allocate resource for EISA slot 5
[   17.881822] platform eisa.0: Cannot allocate resource for EISA slot 6
[   17.882864] platform eisa.0: Cannot allocate resource for EISA slot 7
[   17.893343] platform eisa.0: Cannot allocate resource for EISA slot 8
[   17.894404] platform eisa.0: EISA: Detected 0 cards
[   17.895310] cpufreq-nforce2: No nForce2 chipset.
[   17.896162] ledtrig-cpu: registered to indicate activity on CPUs
[   17.897505] NET: Registered protocol family 10
[   17.898538] NET: Registered protocol family 17
[   17.899362] Key type dns_resolver registered
[   17.900346] Using IPI No-Shortcut mode
[   17.901217] registered taskstats version 1
[   17.902000] Loading compiled-in X.509 certificates
[   17.905242] Loaded X.509 cert 'Build time autogenerated kernel key: cd25daf5f2c6791a52e12acbf66969414c24a779'
[   17.971461] zswap: loaded using pool lzo/zbud
[   18.004197] tsc: Refined TSC clocksource calibration: 3593.965 MHz
[   18.017585] clocksource: tsc: mask: 0xffffffffffffffff max_cycles: 0x33ce0ee9460, max_idle_ns: 440795379909 ns
[   18.050606] Key type trusted registered
[   18.062970] Key type encrypted registered
[   18.124950] AppArmor: AppArmor sha1 policy hashing enabled
[   18.185687] ima: No TPM chip found, activating TPM-bypass!
[   18.186660] evm: HMAC attrs: 0x1
[   18.187549]   Magic number: 14:780:937
[   18.189511] misc lightnvm: hash matches
[   18.196898] acpi PNP0103:00: hash matches
[   18.197712] rtc_cmos rtc_cmos: setting system clock to 2018-04-07 13:54:46 UTC (1523109286)
[   18.199328] BIOS EDD facility v0.16 2004-Jun-25, 0 devices found
[   18.202079] EDD information not available.
[   18.203529] Freeing unused kernel memory: 948K
[   18.212478] Write protecting the kernel text: 8016k
[   18.243188] Write protecting the kernel read-only data: 3176k
[   18.244177] NX-protecting the kernel data: 6320k
Loading, please wait...
starting version[   18.257548] random: udevadm: uninitialized urandom read (16 bytes read, 1 bits of entropy available)
 229
[   18.315822] random: systemd-udevd: uninitialized urandom read (16 bytes read, 1 bits of entropy available)
[   18.326384] random: systemd-udevd: uninitialized urandom read (16 bytes read, 1 bits of entropy available)
[   18.328076] random: systemd-udevd: uninitialized urandom read (16 bytes read, 1 bits of entropy available)
[   18.349823] random: udevadm: uninitialized urandom read (16 bytes read, 1 bits of entropy available)
[   18.658581] random: udevadm: uninitialized urandom read (16 bytes read, 1 bits of entropy available)
[   18.689089] random: udevadm: uninitialized urandom read (16 bytes read, 1 bits of entropy available)
[   18.780735] random: udevadm: uninitialized urandom read (16 bytes read, 1 bits of entropy available)
[   18.796209] random: udevadm: uninitialized urandom read (16 bytes read, 1 bits of entropy available)
[   19.236606] random: udevadm: uninitialized urandom read (16 bytes read, 1 bits of entropy available)
[   19.580050] Fusion MPT base driver 3.04.20
[   19.596043] Copyright (c) 1999-2008 LSI Corporation
[   19.612160] e1000: Intel(R) PRO/1000 Network Driver - version 7.3.21-k8-NAPI
[   19.622218] e1000: Copyright (c) 1999-2006 Intel Corporation.
[   19.746887] Fusion MPT SPI Host driver 3.04.20
[   19.859664] input: ImExPS/2 Generic Explorer Mouse as /devices/platform/i8042/serio1/input/input4
[   20.097073] e1000 0000:00:03.0 eth0: (PCI:33MHz:32-bit) 02:43:fb:3a:dc:1d
[   20.103764] e1000 0000:00:03.0 eth0: Intel(R) PRO/1000 Network Connection
[   20.106389] e1000 0000:00:03.0 enp0s3: renamed from eth0
[   20.114186] mptbase: ioc0: Initiating bringup
[   20.176647] ioc0: LSI53C1030 A0: Capabilities={Initiator}
[   20.403014] scsi host2: ioc0: LSI53C1030 A0, FwRev=00000000h, Ports=1, MaxQ=256, IRQ=20
[   20.541387] scsi 2:0:0:0: Direct-Access     VBOX     HARDDISK         1.0  PQ: 0 ANSI: 5
[   20.631073] scsi target2:0:0: Beginning Domain Validation
[   20.633168] scsi target2:0:0: Domain Validation skipping write tests
[   20.634201] scsi target2:0:0: Ending Domain Validation
[   20.635143] scsi target2:0:0: asynchronous
[   20.636346] scsi 2:0:1:0: Direct-Access     VBOX     HARDDISK         1.0  PQ: 0 ANSI: 5
[   20.637817] scsi target2:0:1: Beginning Domain Validation
[   20.640207] scsi target2:0:1: Domain Validation skipping write tests
[   20.644298] scsi target2:0:1: Ending Domain Validation
[   20.645376] scsi target2:0:1: asynchronous
[   20.659697] sd 2:0:0:0: Attached scsi generic sg0 type 0
[   20.681993] sd 2:0:0:0: [sda] 20971520 512-byte logical blocks: (10.7 GB/10.0 GiB)
[   20.683791] sd 2:0:0:0: [sda] Write Protect is off
[   20.686648] sd 2:0:0:0: [sda] Incomplete mode parameter data
[   20.687620] sd 2:0:0:0: [sda] Assuming drive cache: write through
[   20.710940] sd 2:0:1:0: [sdb] 20480 512-byte logical blocks: (10.5 MB/10.0 MiB)
[   20.726974] sd 2:0:1:0: Attached scsi generic sg1 type 0
[   20.735101] sd 2:0:1:0: [sdb] Write Protect is off
[   20.738229] sd 2:0:1:0: [sdb] Incomplete mode parameter data
[   20.745398] sd 2:0:1:0: [sdb] Assuming drive cache: write through
[   20.748078]  sda: sda1
[   20.772860] sd 2:0:0:0: [sda] Attached SCSI disk
[   20.812542] sd 2:0:1:0: [sdb] Attached SCSI disk
[   22.682156] floppy0: no floppy controllers found
Begin: Loading e[   24.258003] md: linear personality registered for level -1
ssential drivers[   24.625681] md: multipath personality registered for level -4
 ... [   24.663723] md: raid0 personality registered for level 0
[   24.682511] md: raid1 personality registered for level 1
[   24.916179] raid6: mmxx1    gen()  2922 MB/s
[   25.052161] raid6: mmxx2    gen()  4349 MB/s
[   25.148064] raid6: sse1x1   gen()  2744 MB/s
[   25.224165] raid6: sse1x2   gen()  3739 MB/s
[   25.340163] raid6: sse2x1   gen()  4661 MB/s
[   25.416888] raid6: sse2x1   xor()  2831 MB/s
[   25.560560] raid6: sse2x2   gen()  5947 MB/s
[   25.776981] raid6: sse2x2   xor()  3507 MB/s
[   25.859260] raid6: using algorithm sse2x2 gen() 5947 MB/s
[   25.866261] raid6: .... xor() 3507 MB/s, rmw enabled
[   25.867151] raid6: using ssse3x1 recovery algorithm
[   25.873901] xor: automatically using best checksumming function:
[   25.921376]    avx       :  1206.000 MB/sec
[   25.955623] async_tx: api initialized (async)
[   26.110318] md: raid6 personality registered for level 6
[   26.218185] md: raid5 personality registered for level 5
[   26.219069] md: raid4 personality registered for level 4
[   26.232069] md: raid10 personality registered for level 10
done.
Begin: Running /scripts/init-premount ... done.
Begin: Mounting root file system ... Begin: Running /scripts/local-top ... done.
Begin: Running /scripts/local-premount ... [   26.299371] Btrfs loaded
Scanning for Btrfs filesystems
done.
Warning: fsck not present, so skipping root file[   26.391586] EXT4-fs (sda1): mounted filesystem with ordered data mode. Opts: (null)
 system
done.
Begin: Running /scripts/local-bottom ... done.
Begin: Running /scripts/init-bottom ... done.
[   27.154348] systemd[1]: systemd 229 running in system mode. (+PAM +AUDIT +SELINUX +IMA +APPARMOR +SMACK +SYSVINIT +UTMP +LIBCRYPTSETUP +GCRYPT +GNUTLS +ACL +XZ -LZ4 +SECCOMP +BLKID +ELFUTILS +KMOD -IDN)
[   27.167942] systemd[1]: Detected virtualization oracle.
[   27.168905] systemd[1]: Detected architecture x86.

Welcome to [1mUbuntu 16.04.4 LTS[0m!

[   27.225895] systemd[1]: Set hostname to <ubuntu>.
[   27.288358] systemd[1]: Initializing machine ID from random generator.
[   27.290419] systemd[1]: Installed transient /etc/machine-id file.
[   27.701167] random: nonblocking pool is initialized
[   28.098490] systemd[1]: Reached target Swap.
[[0;32m  OK  [0m] Reached target Swap.
[   28.333059] systemd[1]: Listening on Device-mapper event daemon FIFOs.
[[0;32m  OK  [0m] Listening on Device-mapper event daemon FIFOs.
[   28.385227] systemd[1]: Listening on LVM2 poll daemon socket.
[[0;32m  OK  [0m] Listening on LVM2 poll daemon socket.
[   28.387203] systemd[1]: Reached target System Time Synchronized.
[[0;32m  OK  [0m] Reached target System Time Synchronized.
[   28.403198] systemd[1]: Created slice User and Session Slice.
[[0;32m  OK  [0m] Created slice User and Session Slice.
[   28.406675] systemd[1]: Listening on Syslog Socket.
[[0;32m  OK  [0m] Listening on Syslog Socket.
[   28.410717] systemd[1]: Reached target Encrypted Volumes.
[[0;32m  OK  [0m] Reached target Encrypted Volumes.
[   28.414146] systemd[1]: Listening on /dev/initctl Compatibility Named Pipe.
[[0;32m  OK  [0m] Listening on /dev/initctl Compatibility Named Pipe.
[   28.418149] systemd[1]: Listening on LVM2 metadata daemon socket.
[[0;32m  OK  [0m] Listening on LVM2 metadata daemon socket.
[   28.436629] systemd[1]: Listening on Journal Audit Socket.
[[0;32m  OK  [0m] Listening on Journal Audit Socket.
[   28.438720] systemd[1]: Set up automount Arbitrary Executable File Formats File System Automount Point.
[[0;32m  OK  [0m] Set up automount Arbitrary Executab...ats File System Automount Point.
[   28.468637] systemd[1]: Reached target User and Group Name Lookups.
[[0;32m  OK  [0m] Reached target User and Group Name Lookups.
[   28.471060] systemd[1]: Created slice System Slice.
[[0;32m  OK  [0m] Created slice System Slice.
[   28.481790] systemd[1]: Created slice system-serial\x2dgetty.slice.
[[0;32m  OK  [0m] Created slice system-serial\x2dgetty.slice.
[   28.485672] systemd[1]: Reached target Slices.
[[0;32m  OK  [0m] Reached target Slices.
[   28.488776] systemd[1]: Listening on Journal Socket (/dev/log).
[[0;32m  OK  [0m] Listening on Journal Socket (/dev/log).
[   28.496925] systemd[1]: Listening on Journal Socket.
[[0;32m  OK  [0m] Listening on Journal Socket.
[   28.499773] systemd[1]: Starting Remount Root and Kernel File Systems...
         Starting Remount Root and Kernel File Systems...
[   28.555020] systemd[1]: Starting Load Kernel Modules...
[   28.588959] EXT4-fs (sda1): re-mounted. Opts: (null)
         Starting Load Kernel Modules...
[   28.614104] systemd[1]: Mounting Debug File System...
         Mounting Debug File System...
[   28.619417] systemd[1]: Starting Journal Service...
         Starting Journal Service...
[   28.630012] systemd[1]: Mounting Huge Pages File System...
         Mounting Huge Pages File System...
[   28.649019] systemd[1]: Mounting POSIX Message Queue File System...
         Mounting POSIX Message Queue File System...
[   28.665204] systemd[1]: Starting Uncomplicated firewall...
         Starting Uncomplicated firewall...
[   28.677153] systemd[1]: Starting Nameserver information manager...
         [   28.868922] Loading iSCSI transport class v2.0-870.
Starting Nameserver information manager...
[   29.013518] systemd[1]: Starting Create list of required static device nodes for the current kernel...
         Starting Create list of required st... nodes for the current kernel...
[   29.052979] systemd[1]: Starting Monitoring of LVM2 mirrors, snapshots etc. using dmeventd or progress polling...
[   29.075936] iscsi: registered transport (tcp)
         Starting Monitoring of LVM2 mirrors... dmeventd or progress polling...
[   29.244609] systemd[1]: Listening on udev Control Socket.
[[0;32m  OK  [0m] Listening on udev Control Socket.
[   29.387137] systemd[1]: Started Trigger resolvconf update for networkd DNS.
[   29.428538] iscsi: registered transport (iser)
[[0;32m  OK  [0m] Started Trigger resolvconf update for networkd DNS.
[   29.460917] systemd[1]: Listening on udev Kernel Socket.
[[0;32m  OK  [0m] Listening on udev Kernel Socket.
[   29.469471] systemd[1]: Started Forward Password Requests to Wall Directory Watch.
[[0;32m  OK  [0m] Started Forward Password Requests to Wall Directory Watch.
[   29.477928] systemd[1]: Starting Set console keymap...
         Starting Set console keymap...
[   29.512575] systemd[1]: Mounted POSIX Message Queue File System.
[[0;32m  OK  [0m] Mounted POSIX Message Queue File System.
[   29.533153] systemd[1]: Mounted Debug File System.
[[0;32m  OK  [0m] Mounted Debug File System.
[   29.537560] systemd[1]: Mounted Huge Pages File System.
[[0;32m  OK  [0m] Mounted Huge Pages File System.
[   29.541296] systemd[1]: Started Journal Service.
[[0;32m  OK  [0m] Started Journal Service.
[[0;32m  OK  [0m] Started Remount Root and Kernel File Systems.
[[0;32m  OK  [0m] Started Load Kernel Modules.
[[0;32m  OK  [0m] Started Uncomplicated firewall.
[[0;32m  OK  [0m] Started Create list of required sta...ce nodes for the current kernel.
[[0;32m  OK  [0m] Started Nameserver information manager.
[[0;32m  OK  [0m] Started Set console keymap.
[[0;32m  OK  [0m] Started LVM2 metadata daemon.
         Starting Create Static Device Nodes in /dev...
         Starting Apply Kernel Variables...
         Mounting FUSE Control File System...
         Starting Initial cloud-init job (pre-networking)...
         Starting udev Coldplug all Devices...
         Starting Load/Save Random Seed...
         Starting Flush Journal to Persistent Storage...
[[0;32m  OK  [0m] Mounted FUSE Control File System.
[[0;32m  OK  [0m] Started Apply Kernel Variables.
[[0;32m  OK  [0m] Started Load/Save Random Seed.
[[0;32m  OK  [0m] Started udev Coldplug all Devices.
[[0;32m  OK  [0m] Started Flush Journal to Persistent Storage.
[[0;32m  OK  [0m] Started Create Static Device Nodes in /dev.
         Starting udev Kernel Device Manager...
[[0;32m  OK  [0m] Started Monitoring of LVM2 mirrors,...ng dmeventd or progress polling.
[[0;32m  OK  [0m] Started udev Kernel Device Manager.
[[0;32m  OK  [0m] Started Dispatch Password Requests to Console Directory Watch.
[[0;32m  OK  [0m] Reached target Local File Systems (Pre).
[[0;32m  OK  [0m] Reached target Local File Systems.
         Starting LSB: AppArmor initialization...
         Starting Create Volatile Files and Directories...
         Starting Commit a transient machine-id on disk...
         Starting Set console font and keymap...
         Starting Tell Plymouth To Write Out Runtime Data...
[[0;32m  OK  [0m] Started Commit a transient machine-id on disk.
[[0;32m  OK  [0m] Started Create Volatile Files and Directories.
[[0;32m  OK  [0m] Started Tell Plymouth To Write Out Runtime Data.
         Starting Update UTMP about System Boot/Shutdown...
[[0;32m  OK  [0m] Started Update UTMP about System Boot/Shutdown.
[[0;32m  OK  [0m] Found device /dev/ttyS0.
[[0;32m  OK  [0m] Started Set console font and keymap.
[[0;32m  OK  [0m] Created slice system-getty.slice.
[[0;32m  OK  [0m] Listening on Load/Save RF Kill Switch Status /dev/rfkill Watch.
[[0;32m  OK  [0m] Started LSB: AppArmor initialization.
[   19.909703] cloud-init[463]: Cloud-init v. 17.2 running 'init-local' at Sat, 07 Apr 2018 13:55:02 +0000. Up 19.25 seconds.
[[0;32m  OK  [0m] Started Initial cloud-init job (pre-networking).
[[0;32m  OK  [0m] Reached target Network (Pre).
         Starting Raise network interfaces...
[[0;32m  OK  [0m] Started Raise network interfaces.
         Starting Initial cloud-init job (metadata service crawler)...
[[0;32m  OK  [0m] Reached target Network.
[   22.765022] cloud-init[949]: Cloud-init v. 17.2 running 'init' at Sat, 07 Apr 2018 13:55:03 +0000. Up 20.77 seconds.
[   22.860801] cloud-init[949]: ci-info: +++++++++++++++++++++++++++++++++++++Net device info++++++++++++++++++++++++++++++++++++++
[[0;32m  OK  [0m] Started Initial cloud-init job (metadata service crawler).
[   22.883326] cloud-init[949]: ci-info: +--------+------+----------------------------+---------------+-------+-------------------+
[   22.898979] cloud-init[949]: ci-info: | Device |  Up  |          Address           |      Mask     | Scope |     Hw-Address    |
[   22.935001] cloud-init[949]: ci-info: +--------+------+----------------------------+---------------+-------+-------------------+
[   22.942099] cloud-init[949]: ci-info: | enp0s3 | True |         10.0.2.15          | 255.255.255.0 |   .   | 02:43:fb:3a:dc:1d |
[[0;32m  OK  [0m] Reached target System Initialization.[   22.948431] cloud-init[949]: ci-info: | enp0s3 | True | fe80::43:fbff:fe3a:dc1d/64 |       .       |  link | 02:43:fb:3a:dc:1d |
[   22.948542] cloud-init[949]: ci-info: |   lo   | True |         127.0.0.1          |   255.0.0.0   |   .   |         .         |
[   22.948640] cloud-init[949]: ci-info: |   lo   | True |          ::1/128           |       .       |  host |         .         |
[   22.948735] cloud-init[949]: ci-info: +--------+------+----------------------------+---------------+-------+-------------------+
[   22.948829] cloud-init[949]: ci-info: +++++++++++++++++++++++++++Route IPv4 info++++++++++++++++++++++++++++
[   22.949022] cloud-init[949]: ci-info: +-------+-------------+----------+---------------+-----------+-------+
[   22.949123] cloud-init[949]: ci-info: | Route | Destination | Gateway  |    Genmask    | Interface | Flags |
[   22.949226] cloud-init[949]: ci-info: +-------+-------------+----------+---------------+-----------+-------+
[   22.949325] cloud-init[949]: ci-info: |   0   |   0.0.0.0   | 10.0.2.2 |    0.0.0.0    |   enp0s3  |   UG  |
[   22.949424] cloud-init[949]: ci-info: |   1   |   10.0.2.0  | 0.0.0.0  | 255.255.255.0 |   enp0s3  |   U   |
[   22.949517] cloud-init[949]: ci-info: +-------+-------------+----------+---------------+-----------+-------+
[   22.949652] cloud-init[949]: Generating public/private rsa key pair.
[   22.949748] cloud-init[949]: Your identification has been saved in /etc/ssh/ssh_host_rsa_key.
[   22.949845] cloud-init[949]: Your public key has been saved in /etc/ssh/ssh_host_rsa_key.pub.
[   22.949939] cloud-init[949]: The key fingerprint is:
[   22.950031] cloud-init[949]: SHA256:z6y7L1m6sbxyZv2QkRxYa0/DcxlLsAMWrQ2W0pA43Dg root@ubuntu-xenial
[   22.950126] cloud-init[949]: The key's randomart image is:
[   22.950218] cloud-init[949]: +---[RSA 2048]----+
[   22.950307] cloud-init[949]: |     . +.+=+..o  |
[   22.950399] cloud-init[949]: |      E ++=+.o + |
[   22.950488] cloud-init[949]: |       o.o++B +  |
[   22.950577] cloud-init[949]: |         o.=.=   |
[   22.950664] cloud-init[949]: |        S + .    |
[   22.950759] cloud-init[949]: |         +.o     |
[   22.950847] cloud-init[949]: |        .=*      |
[   22.950935] cloud-init[949]: |      ..B+..     |
[   22.951023] cloud-init[949]: |       =OB...    |
[   22.951114] cloud-init[949]: +----[SHA256]-----+
[   22.951245] cloud-init[949]: Generating public/private dsa key pair.
[   22.951296] cloud-init[949]: Your identification has been saved in /etc/ssh/ssh_host_dsa_key.
[   22.951345] cloud-init[949]: Your public key has been saved in /etc/ssh/ssh_host_dsa_key.pub.
[   22.951397] cloud-init[949]: The key fingerprint is:
[   22.951447] cloud-init[949]: SHA256:e3+iyUT2yWfFOzSPdmUSivJLmazmSfJc3oPWmCvBWI0 root@ubuntu-xenial
[   22.951498] cloud-init[949]: The key's randomart image is:
[   22.951551] cloud-init[949]: +---[DSA 1024]----+
[   22.951600] cloud-init[949]: |                 |
[   22.951650] cloud-init[949]: |                 |
[   22.951698] cloud-init[949]: |         o    .  |
[   22.951747] cloud-init[949]: |        E .. . o |
[   22.951796] cloud-init[949]: |       +S + . .o=|
[   22.951845] cloud-init[949]: |      . oB = ..==|
[   22.951893] cloud-init[949]: |      . o.X=+ =oo|
[   22.951944] cloud-init[949]: |       =oX==++...|
[   22.951996] cloud-init[949]: |       o*oBoo+   |
[   22.952044] cloud-init[949]: +----[SHA256]-----+
[   22.952092] cloud-init[949]: Generating public/private ecdsa key pair.
[   22.952144] cloud-init[949]: Your identification has been saved in /etc/ssh/ssh_host_ecdsa_key.
[   22.952195] cloud-init[949]: Your public key has been saved in /etc/ssh/ssh_host_ecdsa_key.pub.
[   22.952245] cloud-init[949]: The key fingerprint is:
[   22.952293] cloud-init[949]: SHA256:hmaSdapJly2Wpt1WONJIjQY/twizuuH41fm1KReEMeI root@ubuntu-xenial
[   22.952344] cloud-init[949]: The key's randomart image is:
[   22.952394] cloud-init[949]: +---[ECDSA 256]---+
[   22.952442] cloud-init[949]: |    .            |
[   22.952492] 
         Starting Socket activation for snappy daemon.
[[0;32m  OK  [0m] Started Daily Cleanup of Temporary Directories.
[[0;32m  OK  [0m] Listening on ACPID Listen Socket.
cloud-init[949]: |     o.oo        |
         Starting LXD - unix socket.
[[0;32m  OK  [0m] Listening on D-Bus System Message Bus Socket.
[   23.362437] cloud-init[949]: |    o.B.++       |
[   23.501004] cloud-init[949]: |     OE&.o.      |
[[0;32m  OK  [0m] Started Daily apt download activities.
[   23.519574] cloud-init[949]: |    = / S..      |
[   23.584657] cloud-init[949]: |   o & * o.      |
[[0;32m  OK  [0m] Listening on UUID daemon activation socket.
[   23.623407] cloud-init[949]: |  o = + o ..     |
[   23.633198] cloud-init[949]: | o +   o...o     |
[   23.633302] cloud-init[949]: |..+     .oo      |
[   23.633410] cloud-init[949]: +----[SHA256]-----+
[   23.633505] cloud-init[949]: Generating public/private ed25519 key pair.
[   23.633600] cloud-init[949]: Your identification has been saved in /etc/ssh/ssh_host_ed25519_key.
[   23.633697] cloud-init[949]: Your public key has been saved in /etc/ssh/ssh_host_ed25519_key.pub.
[   23.633793] cloud-init[949]: The key fingerprint is:
[   23.633897] cloud-init[949]: SHA256:yxVjqvshXtjMJKRPrG3TT69Vt1huAzWHYKe3JBe5qKA root@ubuntu-xenial
[   23.633990] cloud-init[949]: The key's randomart image is:
[   23.634081] cloud-init[949]: +--[ED25519 256]--+
[   23.634172] cloud-init[949]: |            o o. |
[   23.634265] cloud-init[949]: |           . +.o |
[   23.634356] cloud-init[949]: |      .   + o.=+.|
[   23.634448] cloud-init[949]: |     +  .o o.=o.o|
[   23.634542] cloud-init[949]: |    . +.S... .o..|
[   23.634633] cloud-init[949]: |     =E@ o.  .=..|
[   23.634724] cloud-init[949]: |    . O X . .. = |
[   23.634825] cloud-init[949]: |     o = + o  . .|
[   23.635587] cloud-init[949]: |      o.. o..    |
[   23.635684] cloud-init[949]: +----[SHA256]-----+
[[0;32m  OK  [0m] Started Timer to automatically refresh installed snaps.
[[0;32m  OK  [0m] Started ACPI Events Check.
[[0;32m  OK  [0m] Reached target Paths.
[[0;32m  OK  [0m] Started Daily apt upgrade and clean activities.
[[0;32m  OK  [0m] Reached target Timers.
[[0;32m  OK  [0m] Reached target Cloud-config availability.
[[0;32m  OK  [0m] Reached target Network is Online.
         Starting iSCSI initiator daemon (iscsid)...
[[0;32m  OK  [0m] Listening on Socket activation for snappy daemon.
[[0;32m  OK  [0m] Listening on LXD - unix socket.
[[0;32m  OK  [0m] Started iSCSI initiator daemon (iscsid).
         Starting Login to default iSCSI targets...
[[0;32m  OK  [0m] Reached target Sockets.
[[0;32m  OK  [0m] Reached target Basic System.
         Starting Accounts Service...
[[0;32m  OK  [0m] Started Deferred execution scheduler.
         Starting System Logging Service...
         Starting LSB: MD monitoring daemon...
[[0;32m  OK  [0m] Started Unattended Upgrades Shutdown.
[[0;32m  OK  [0m] Started FUSE filesystem for LXC.
[[0;32m  OK  [0m] Started Regular background program processing daemon.
[[0;32m  OK  [0m] Started D-Bus System Message Bus.
         Starting Pollinate to seed the pseudo random number generator...
         Starting LSB: Record successful boot for GRUB...
[[0;32m  OK  [0m] Started ACPI event daemon.
         Starting Virtualbox guest utils...
         Starting LXD - container startup/shutdown...
         Starting /etc/rc.local Compatibility...
         Starting Apply the settings specified in cloud-config...
         Starting Login Service...
         Starting Snappy daemon...
[[0;32m  OK  [0m] Started System Logging Service.
[[0;32m  OK  [0m] Started /etc/rc.local Compatibility.
[[0;32m  OK  [0m] Started LSB: MD monitoring daemon.
[[0;32m  OK  [0m] Started Login to default iSCSI targets.
[[0;32m  OK  [0m] Started LSB: Record successful boot for GRUB.
         Starting Authenticate and Authorize Users to Run Privileged Tasks...
[[0;32m  OK  [0m] Reached target Remote File Systems (Pre).
[[0;32m  OK  [0m] Reached target Remote File Systems.
         Starting LSB: automatic crash report generation...
         Starting LSB: Set the CPU Frequency Scaling governor to "ondemand"...
         Starting Permit User Sessions...
         Starting LSB: daemon to balance interrupts for SMP systems...
[[0;32m  OK  [0m] Started Login Service.
[[0;32m  OK  [0m] Started Permit User Sessions.
         Starting Hold until boot process finishes up...
         Starting Terminate Plymouth Boot Screen...
[[0;32m  OK  [0m] Started LSB: Set the CPU Frequency Scaling governor to "ondemand".
[[0;32m  OK  [0m] Started LSB: daemon to balance interrupts for SMP systems.
[[0;32m  OK  [0m] Started Virtualbox guest utils.
[[0;32m  OK  [0m] Started Hold until boot process finishes up.
[[0;32m  OK  [0m] Started Terminate Plymouth Boot Screen.
[[0;32m  OK  [0m] Started Authenticate and Authorize Users to Run Privileged Tasks.
[[0;32m  OK  [0m] Started Accounts Service.
[[0;32m  OK  [0m] Started Serial Getty on ttyS0.
         Starting Set console scheme...
[[0;32m  OK  [0m] Started Getty on tty1.
[[0;32m  OK  [0m] Reached target Login Prompts.
[[0;32m  OK  [0m] Started LSB: automatic crash report generation.
[[0;32m  OK  [0m] Started Set console scheme.
[   26.278514] cloud-init[1116]: Generating locales (this might take a while)...
[[0;32m  OK  [0m] Started LXD - container startup/shutdown.
[[0;32m  OK  [0m] Started Snappy daemon.
[[0;32m  OK  [0m] Started Pollinate to seed the pseudo random number generator.
         Starting OpenBSD Secure Shell server...
[[0;32m  OK  [0m] Started OpenBSD Secure Shell server.
[[0;32m  OK  [0m] Reached target Multi-User System.
[[0;32m  OK  [0m] Reached target Graphical Interface.
         Starting Update UTMP about System Runlevel Changes...
[[0;32m  OK  [0m] Started Update UTMP about System Runlevel Changes.
[   27.854651] cloud-init[1116]:   en_US.UTF-8... done
[   27.898501] cloud-init[1116]: Generation complete.
[[0;32m  OK  [0m] Created slice User Slice of vagrant.
         Starting User Manager for UID 1000...
[[0;32m  OK  [0m] Started Session 1 of user vagrant.
[[0;32m  OK  [0m] Started User Manager for UID 1000.
[   29.527129] cloud-init[1116]: Cloud-init v. 17.2 running 'modules:config' at Sat, 07 Apr 2018 13:55:08 +0000. Up 25.67 seconds.
[[0;32m  OK  [0m] Started Apply the settings specified in cloud-config.
         Starting Execute cloud user/final scripts...
ci-info: no authorized ssh keys fingerprints found for user ubuntu.
<14>Apr  7 13:55:13 ec2: 
<14>Apr  7 13:55:13 ec2: #############################################################
<14>Apr  7 13:55:13 ec2: -----BEGIN SSH HOST KEY FINGERPRINTS-----
<14>Apr  7 13:55:13 ec2: 1024 SHA256:e3+iyUT2yWfFOzSPdmUSivJLmazmSfJc3oPWmCvBWI0 root@ubuntu-xenial (DSA)
<14>Apr  7 13:55:13 ec2: 256 SHA256:hmaSdapJly2Wpt1WONJIjQY/twizuuH41fm1KReEMeI root@ubuntu-xenial (ECDSA)
<14>Apr  7 13:55:13 ec2: 256 SHA256:yxVjqvshXtjMJKRPrG3TT69Vt1huAzWHYKe3JBe5qKA root@ubuntu-xenial (ED25519)
<14>Apr  7 13:55:13 ec2: 2048 SHA256:z6y7L1m6sbxyZv2QkRxYa0/DcxlLsAMWrQ2W0pA43Dg root@ubuntu-xenial (RSA)
<14>Apr  7 13:55:13 ec2: -----END SSH HOST KEY FINGERPRINTS-----
<14>Apr  7 13:55:13 ec2: #############################################################
-----BEGIN SSH HOST KEY KEYS-----
ecdsa-sha2-nistp256 AAAAE2VjZHNhLXNoYTItbmlzdHAyNTYAAAAIbmlzdHAyNTYAAABBBERn702q76DZIG822uvpBs5X0TOjMRUAPvZJkLCe/2uwyEHfsOEQS06FdLFGCBDeHvNQAuF7VYiu52vTdW8eG1o= root@ubuntu-xenial
ssh-ed25519 AAAAC3NzaC1lZDI1NTE5AAAAIK1Ypx18fojSLNvZ2RlHAXZuCMGJ9QASSW3iercGtzXN root@ubuntu-xenial
ssh-rsa AAAAB3NzaC1yc2EAAAADAQABAAABAQDbokDhUr3VJbLyyRwNr/94rFWJI3h+ivSoPANb9h3xptnSfuB4/Aw02UZjt+SDp3LGmTcJln3qogq0iURWWmrQhRQ0QdEsKvCR/9xRmuqX2POqk1QJrr6HkKCof46iokr00lFNvrw2XxSZgz/2N0QnYPnDgoAAl/mvPG6IlTgtd7hqpCw/nBzCp/o+PJWqVXXUMlgfRutgWDktBwAcP92vnYSbHgUSJ9xmCBnWEAdInpjDedGs1C0d6dOUuSomw6RL44XZOxnCx9w3VWv8tbndSpcWDFFM9hdkfkNMI1dbwxKEUPyr+fn0J+pzZ0wkbOZ5RLA7dRqozNQmFM9Mi0p9 root@ubuntu-xenial
-----END SSH HOST KEY KEYS-----
[   31.317763] cloud-init[1379]: Cloud-init v. 17.2 running 'modules:final' at Sat, 07 Apr 2018 13:55:13 +0000. Up 30.39 seconds.
[   31.318187] cloud-init[1379]: ci-info: no authorized ssh keys fingerprints found for user ubuntu.
[   31.318323] cloud-init[1379]: Cloud-init v. 17.2 finished at Sat, 07 Apr 2018 13:55:14 +0000. Datasource DataSourceNoCloud [seed=/dev/sdb][dsmode=net].  Up 31.29 seconds

Ubuntu 16.04.4 LTS ubuntu-xenial ttyS0

ubuntu-xenial login: 